<?xml version="1.0" encoding="UTF-8"?>
<!-- Generated by org.testng.reporters.JUnitReportReporter -->
<testsuite hostname="DESKTOP-ESFOAN4" failures="0" tests="1" name="com.api.tests.LoginAPITest" time="1.782" errors="0" timestamp="2025-05-18T23:19:45 IST" skipped="0">
  <testcase classname="com.api.tests.LoginAPITest" name="loginTest" time="1.782"/>
</testsuite> <!-- com.api.tests.LoginAPITest -->
