<?xml version="1.0" encoding="UTF-8"?>
<!-- Generated by org.testng.reporters.JUnitReportReporter -->
<testsuite hostname="DESKTOP-ESFOAN4" failures="0" tests="1" name="com.api.tests.LoginAPITest" time="2.375" errors="0" timestamp="2025-05-23T15:09:27 IST" skipped="0">
  <testcase classname="com.api.tests.LoginAPITest" name="loginTest" time="2.375"/>
</testsuite> <!-- com.api.tests.LoginAPITest -->
